2024-04-10 19:33:19 - Starting BankingmanagementApiApplication using Java 21.0.2 with PID 31944 (C:\Users\Soram Wanglen\bankingmanagement-api\build\classes\java\main started by Soram Wanglen in C:\Users\Soram Wanglen\bankingmanagement-api)
2024-04-10 19:33:19 - Running with Spring Boot v3.2.4, Spring v6.1.5
2024-04-10 19:33:19 - No active profile set, falling back to 1 default profile: "default"
2024-04-10 19:33:19 - Devtools property defaults active! Set 'spring.devtools.add-properties' to 'false' to disable
2024-04-10 19:33:19 - For additional web related logging consider setting the 'logging.level.web' property to 'DEBUG'
2024-04-10 19:33:20 - Bootstrapping Spring Data MongoDB repositories in DEFAULT mode.
2024-04-10 19:33:20 - Finished Spring Data repository scanning in 14 ms. Found 0 MongoDB repository interfaces.
2024-04-10 19:33:21 - Tomcat initialized with port 1010 (http)
2024-04-10 19:33:21 - Starting service [Tomcat]
2024-04-10 19:33:21 - Starting Servlet engine: [Apache Tomcat/10.1.19]
2024-04-10 19:33:21 - Initializing Spring embedded WebApplicationContext
2024-04-10 19:33:21 - Root WebApplicationContext: initialization completed in 2288 ms
2024-04-10 19:33:23 - MongoClient with metadata {"driver": {"name": "mongo-java-driver|sync|spring-boot", "version": "4.11.1"}, "os": {"type": "Windows", "name": "Windows 11", "architecture": "amd64", "version": "10.0"}, "platform": "Java/Oracle Corporation/21.0.2+13-LTS-58"} created with settings MongoClientSettings{readPreference=primary, writeConcern=WriteConcern{w=null, wTimeout=null ms, journal=null}, retryWrites=true, retryReads=true, readConcern=ReadConcern{level=null}, credential=null, transportSettings=null, streamFactoryFactory=null, commandListeners=[io.micrometer.core.instrument.binder.mongodb.MongoMetricsCommandListener@bc1527a], codecRegistry=ProvidersCodecRegistry{codecProviders=[ValueCodecProvider{}, BsonValueCodecProvider{}, DBRefCodecProvider{}, DBObjectCodecProvider{}, DocumentCodecProvider{}, CollectionCodecProvider{}, IterableCodecProvider{}, MapCodecProvider{}, GeoJsonCodecProvider{}, GridFSFileCodecProvider{}, Jsr310CodecProvider{}, JsonObjectCodecProvider{}, BsonCodecProvider{}, EnumCodecProvider{}, com.mongodb.client.model.mql.ExpressionCodecProvider@17f06289, com.mongodb.Jep395RecordCodecProvider@70a7a50, com.mongodb.KotlinCodecProvider@5ab6d7eb]}, loggerSettings=LoggerSettings{maxDocumentLength=1000}, clusterSettings={hosts=[localhost:27017], srvServiceName=mongodb, mode=SINGLE, requiredClusterType=UNKNOWN, requiredReplicaSetName='null', serverSelector='null', clusterListeners='[]', serverSelectionTimeout='30000 ms', localThreshold='15 ms'}, socketSettings=SocketSettings{connectTimeoutMS=10000, readTimeoutMS=0, receiveBufferSize=0, proxySettings=ProxySettings{host=null, port=null, username=null, password=null}}, heartbeatSocketSettings=SocketSettings{connectTimeoutMS=10000, readTimeoutMS=10000, receiveBufferSize=0, proxySettings=ProxySettings{host=null, port=null, username=null, password=null}}, connectionPoolSettings=ConnectionPoolSettings{maxSize=100, minSize=0, maxWaitTimeMS=120000, maxConnectionLifeTimeMS=0, maxConnectionIdleTimeMS=0, maintenanceInitialDelayMS=0, maintenanceFrequencyMS=60000, connectionPoolListeners=[io.micrometer.core.instrument.binder.mongodb.MongoMetricsConnectionPoolListener@5be51c45], maxConnecting=2}, serverSettings=ServerSettings{heartbeatFrequencyMS=10000, minHeartbeatFrequencyMS=500, serverListeners='[]', serverMonitorListeners='[]'}, sslSettings=SslSettings{enabled=false, invalidHostNameAllowed=false, context=null}, applicationName='null', compressorList=[], uuidRepresentation=JAVA_LEGACY, serverApi=null, autoEncryptionSettings=null, dnsClient=null, inetAddressResolver=null, contextProvider=null}
2024-04-10 19:33:23 - Monitor thread successfully connected to server with description ServerDescription{address=localhost:27017, type=STANDALONE, state=CONNECTED, ok=true, minWireVersion=0, maxWireVersion=9, maxDocumentSize=16777216, logicalSessionTimeoutMinutes=30, roundTripTimeNanos=34437900}
2024-04-10 19:33:24 - LiveReload server is running on port 35729
2024-04-10 19:33:24 - Exposing 1 endpoint(s) beneath base path '/actuator'
2024-04-10 19:33:24 - Tomcat started on port 1010 (http) with context path ''
2024-04-10 19:33:24 - Started BankingmanagementApiApplication in 5.594 seconds (process running for 6.361)
2024-04-10 19:33:24 - Banking Management application has been started for logging!
2024-04-10 19:36:10 - Initializing Spring DispatcherServlet 'dispatcherServlet'
2024-04-10 19:36:10 - Initializing Servlet 'dispatcherServlet'
2024-04-10 19:36:10 - Completed initialization in 1 ms
2024-04-10 19:36:11 - Init duration for springdoc-openapi is: 132 ms
2024-04-10 19:54:47 - Starting BankingmanagementApiApplication using Java 21.0.2 with PID 3464 (C:\Users\Soram Wanglen\bankingmanagement-api\build\classes\java\main started by Soram Wanglen in C:\Users\Soram Wanglen\bankingmanagement-api)
2024-04-10 19:54:47 - Running with Spring Boot v3.2.4, Spring v6.1.5
2024-04-10 19:54:47 - No active profile set, falling back to 1 default profile: "default"
2024-04-10 19:54:47 - Devtools property defaults active! Set 'spring.devtools.add-properties' to 'false' to disable
2024-04-10 19:54:47 - For additional web related logging consider setting the 'logging.level.web' property to 'DEBUG'
2024-04-10 19:54:48 - Bootstrapping Spring Data MongoDB repositories in DEFAULT mode.
2024-04-10 19:54:49 - Finished Spring Data repository scanning in 12 ms. Found 0 MongoDB repository interfaces.
2024-04-10 19:54:49 - Tomcat initialized with port 1010 (http)
2024-04-10 19:54:49 - Starting service [Tomcat]
2024-04-10 19:54:49 - Starting Servlet engine: [Apache Tomcat/10.1.19]
2024-04-10 19:54:49 - Initializing Spring embedded WebApplicationContext
2024-04-10 19:54:49 - Root WebApplicationContext: initialization completed in 2073 ms
2024-04-10 19:54:51 - MongoClient with metadata {"driver": {"name": "mongo-java-driver|sync|spring-boot", "version": "4.11.1"}, "os": {"type": "Windows", "name": "Windows 11", "architecture": "amd64", "version": "10.0"}, "platform": "Java/Oracle Corporation/21.0.2+13-LTS-58"} created with settings MongoClientSettings{readPreference=primary, writeConcern=WriteConcern{w=null, wTimeout=null ms, journal=null}, retryWrites=true, retryReads=true, readConcern=ReadConcern{level=null}, credential=null, transportSettings=null, streamFactoryFactory=null, commandListeners=[io.micrometer.core.instrument.binder.mongodb.MongoMetricsCommandListener@6d83e70f], codecRegistry=ProvidersCodecRegistry{codecProviders=[ValueCodecProvider{}, BsonValueCodecProvider{}, DBRefCodecProvider{}, DBObjectCodecProvider{}, DocumentCodecProvider{}, CollectionCodecProvider{}, IterableCodecProvider{}, MapCodecProvider{}, GeoJsonCodecProvider{}, GridFSFileCodecProvider{}, Jsr310CodecProvider{}, JsonObjectCodecProvider{}, BsonCodecProvider{}, EnumCodecProvider{}, com.mongodb.client.model.mql.ExpressionCodecProvider@48e6a18f, com.mongodb.Jep395RecordCodecProvider@7b2c3554, com.mongodb.KotlinCodecProvider@61bb202]}, loggerSettings=LoggerSettings{maxDocumentLength=1000}, clusterSettings={hosts=[localhost:27017], srvServiceName=mongodb, mode=SINGLE, requiredClusterType=UNKNOWN, requiredReplicaSetName='null', serverSelector='null', clusterListeners='[]', serverSelectionTimeout='30000 ms', localThreshold='15 ms'}, socketSettings=SocketSettings{connectTimeoutMS=10000, readTimeoutMS=0, receiveBufferSize=0, proxySettings=ProxySettings{host=null, port=null, username=null, password=null}}, heartbeatSocketSettings=SocketSettings{connectTimeoutMS=10000, readTimeoutMS=10000, receiveBufferSize=0, proxySettings=ProxySettings{host=null, port=null, username=null, password=null}}, connectionPoolSettings=ConnectionPoolSettings{maxSize=100, minSize=0, maxWaitTimeMS=120000, maxConnectionLifeTimeMS=0, maxConnectionIdleTimeMS=0, maintenanceInitialDelayMS=0, maintenanceFrequencyMS=60000, connectionPoolListeners=[io.micrometer.core.instrument.binder.mongodb.MongoMetricsConnectionPoolListener@74528651], maxConnecting=2}, serverSettings=ServerSettings{heartbeatFrequencyMS=10000, minHeartbeatFrequencyMS=500, serverListeners='[]', serverMonitorListeners='[]'}, sslSettings=SslSettings{enabled=false, invalidHostNameAllowed=false, context=null}, applicationName='null', compressorList=[], uuidRepresentation=JAVA_LEGACY, serverApi=null, autoEncryptionSettings=null, dnsClient=null, inetAddressResolver=null, contextProvider=null}
2024-04-10 19:54:51 - Monitor thread successfully connected to server with description ServerDescription{address=localhost:27017, type=STANDALONE, state=CONNECTED, ok=true, minWireVersion=0, maxWireVersion=9, maxDocumentSize=16777216, logicalSessionTimeoutMinutes=30, roundTripTimeNanos=26151000}
2024-04-10 19:54:51 - LiveReload server is running on port 35729
2024-04-10 19:54:51 - Exposing 9 endpoint(s) beneath base path '/actuator'
2024-04-10 19:54:51 - Tomcat started on port 1010 (http) with context path ''
2024-04-10 19:54:51 - Started BankingmanagementApiApplication in 4.85 seconds (process running for 5.346)
2024-04-10 19:54:51 - Banking Management application has been started for logging!
2024-04-10 19:55:57 - Initializing Spring DispatcherServlet 'dispatcherServlet'
2024-04-10 19:55:57 - Initializing Servlet 'dispatcherServlet'
2024-04-10 19:55:57 - Completed initialization in 3 ms
